\BOOKMARK [1][-]{section.1}{Tango架构}{}% 1
\BOOKMARK [2][-]{subsection.1.1}{服务器端-客户端架构}{section.1}% 2
\BOOKMARK [2][-]{subsection.1.2}{Tango库}{section.1}% 3
\BOOKMARK [2][-]{subsection.1.3}{客户端}{section.1}% 4
\BOOKMARK [2][-]{subsection.1.4}{服务端}{section.1}% 5
\BOOKMARK [1][-]{section.2}{核心逻辑}{}% 6
\BOOKMARK [2][-]{subsection.2.1}{Client转接逻辑}{section.2}% 7
\BOOKMARK [2][-]{subsection.2.2}{游戏逻辑}{section.2}% 8
\BOOKMARK [3][-]{subsubsection.2.2.1}{MainWindow向Client请求游戏服务}{subsection.2.2}% 9
\BOOKMARK [3][-]{subsubsection.2.2.2}{AGA信号发射}{subsection.2.2}% 10
\BOOKMARK [3][-]{subsubsection.2.2.3}{GameConfig的功能}{subsection.2.2}% 11
\BOOKMARK [2][-]{subsection.2.3}{MainWindow在客户端中的功能层次}{section.2}% 12
\BOOKMARK [2][-]{subsection.2.4}{重新设计传输层协议}{section.2}% 13
\BOOKMARK [2][-]{subsection.2.5}{使用json-rpc网络服务}{section.2}% 14
\BOOKMARK [2][-]{subsection.2.6}{难度和等级计算公式举例}{section.2}% 15
\BOOKMARK [2][-]{subsection.2.7}{自定义日志管理}{section.2}% 16
\BOOKMARK [1][-]{section.3}{v3基础功能}{}% 17
\BOOKMARK [1][-]{section.4}{v3.2相比v3.1增加的额外功能}{}% 18
\BOOKMARK [2][-]{subsection.4.1}{增加自定义设定功能}{section.4}% 19
\BOOKMARK [2][-]{subsection.4.2}{增加屏幕分辨率设定功能}{section.4}% 20
